<?xml version="1.0" encoding="UTF-8"?>
<!-- Generated by org.testng.reporters.JUnitReportReporter -->
<testsuite hostname="TYSS-Yogita" failures="0" tests="4" name="testNg.SameTCMultipleTimes" time="24.616" errors="0" timestamp="2022-11-11T10:39:41 IST" skipped="0">
  <testcase classname="testNg.SameTCMultipleTimes" name="testCase" time="5.259"/>
  <system-out/>
  <testcase classname="testNg.SameTCMultipleTimes" name="testCase" time="4.433"/>
  <system-out/>
  <testcase classname="testNg.SameTCMultipleTimes" name="testCase" time="4.248"/>
  <system-out/>
  <testcase classname="testNg.SameTCMultipleTimes" name="testCase" time="10.676"/>
  <system-out/>
</testsuite> <!-- testNg.SameTCMultipleTimes -->
