<?xml version="1.0" encoding="UTF-8"?>
<!-- Generated by org.testng.reporters.JUnitReportReporter -->
<testsuite hostname="TYSS-Yogita" failures="0" tests="2" name="dataDrivenTesting.DataDrivenTesting" time="0.009" errors="0" timestamp="2022-11-18T10:42:45 IST" skipped="0">
  <testcase classname="dataDrivenTesting.DataDrivenTesting" name="loginScript" time="0.007"/>
  <system-out/>
  <testcase classname="dataDrivenTesting.DataDrivenTesting" name="loginScript" time="0.002"/>
  <system-out/>
</testsuite> <!-- dataDrivenTesting.DataDrivenTesting -->
