<?xml version="1.0" encoding="UTF-8"?>
<!-- Generated by org.testng.reporters.JUnitReportReporter -->
<testsuite hostname="TYSS-Yogita" failures="0" tests="1" name="testNg.ChronologicalOrderAnnotation" time="0.003" errors="0" timestamp="2022-11-16T15:20:15 IST" skipped="0">
  <testcase classname="testNg.ChronologicalOrderAnnotation" name="testAnnotation" time="0.003"/>
  <system-out/>
</testsuite> <!-- testNg.ChronologicalOrderAnnotation -->
