<?xml version="1.0" encoding="UTF-8"?>
<!-- Generated by org.testng.reporters.JUnitReportReporter -->
<testsuite hostname="TYSS-Yogita" failures="0" tests="2" name="testNg.DependencyBwTC" time="0.002" errors="0" timestamp="2022-11-11T11:10:16 IST" skipped="0">
  <testcase classname="testNg.DependencyBwTC" name="GOT" time="0.001"/>
  <system-out/>
  <testcase classname="testNg.DependencyBwTC" name="harryPotter" time="0.001"/>
  <system-out/>
</testsuite> <!-- testNg.DependencyBwTC -->
