<?xml version="1.0" encoding="UTF-8"?>
<!-- Generated by org.testng.reporters.JUnitReportReporter -->
<testsuite hostname="TYSS-Yogita" failures="0" tests="4" name="testNg.GroupExecution" time="0.009" errors="0" timestamp="2022-11-11T11:10:16 IST" skipped="0">
  <testcase classname="testNg.GroupExecution" name="Login" time="0.008"/>
  <system-out/>
  <testcase classname="testNg.GroupExecution" name="Profile" time="0.001"/>
  <system-out/>
  <testcase classname="testNg.GroupExecution" name="payment" time="0.000"/>
  <system-out/>
  <testcase classname="testNg.GroupExecution" name="Register" time="0.000"/>
  <system-out/>
</testsuite> <!-- testNg.GroupExecution -->
