<?xml version="1.0" encoding="UTF-8"?>
<!-- Generated by org.testng.reporters.JUnitReportReporter -->
<testsuite hostname="TYSS-Yogita" failures="0" tests="2" name="testNg.LearningTestNg" time="0.007" errors="0" timestamp="2022-11-11T11:12:46 IST" skipped="0">
  <testcase classname="testNg.LearningTestNg" name="sampleTestCase" time="0.001"/>
  <system-out/>
  <testcase classname="testNg.LearningTestNg" name="aTestCase" time="0.006"/>
  <system-out/>
</testsuite> <!-- testNg.LearningTestNg -->
