<?xml version="1.0" encoding="UTF-8"?>
<!-- Generated by org.testng.reporters.JUnitReportReporter -->
<testsuite hostname="TYSS-Yogita" failures="0" tests="6" name="testNg.ParallelMultipleTimes" time="27.876" errors="0" timestamp="2022-11-11T09:15:29 IST" skipped="0">
  <testcase classname="testNg.ParallelMultipleTimes" name="testCase" time="4.394"/>
  <system-out/>
  <testcase classname="testNg.ParallelMultipleTimes" name="testCase" time="4.205"/>
  <system-out/>
  <testcase classname="testNg.ParallelMultipleTimes" name="testCase" time="4.863"/>
  <system-out/>
  <testcase classname="testNg.ParallelMultipleTimes" name="testCase" time="4.893"/>
  <system-out/>
  <testcase classname="testNg.ParallelMultipleTimes" name="testCase" time="4.940"/>
  <system-out/>
  <testcase classname="testNg.ParallelMultipleTimes" name="testCase" time="4.581"/>
  <system-out/>
</testsuite> <!-- testNg.ParallelMultipleTimes -->
