<?xml version="1.0" encoding="UTF-8"?>
<!-- Generated by org.testng.reporters.JUnitReportReporter -->
<testsuite hostname="TYSS-Yogita" failures="0" tests="4" name="testNg.PrioritisingTestCases" time="0.014" errors="0" timestamp="2022-11-11T09:29:34 IST" skipped="0">
  <testcase classname="testNg.PrioritisingTestCases" name="wishlist" time="0.010"/>
  <system-out/>
  <testcase classname="testNg.PrioritisingTestCases" name="register" time="0.002"/>
  <system-out/>
  <testcase classname="testNg.PrioritisingTestCases" name="login" time="0.001"/>
  <system-out/>
  <testcase classname="testNg.PrioritisingTestCases" name="AddToCart" time="0.001"/>
  <system-out/>
</testsuite> <!-- testNg.PrioritisingTestCases -->
